
---------------------------
epub_paginator version 2.5
The Dark Hours - Michael Connelly.epub
    Converting to epub3
Conversion log:
Conversion options changed from defaults:
  epub_version: '3'
1% Converting input to HTML...
InputFormatPlugin: EPUB Input running
on /Users/tbrown/Documents/Calibre Library/Michael Connelly/The Dark Hours (1041)/The Dark Hours - Michael Connelly.epub
Found HTML cover titlepage.xhtml
Parsing all content...
34% Running transforms on e-book...
Merging user specified metadata...
Detecting structure...
	Detected chapter: PART ONE
	Detected chapter: PART TWO
	Detected chapter: PART THREE
	Detected chapter: EPILOGUE
Removed existing jacket
Flattening CSS and remapping font sizes...
Source base font size is 9.00000pt
Removing fake margins...
Removing level div_2 left margin of: 1em
Removing level div_2 right margin of: 2em
Cleaning up manifest...
Trimming unused files from manifest...
Creating EPUB Output...
67% Running EPUB Output plugin
Rescaling image from 825x1265 to 773x1186 images/00004.jpeg
Rescaling image from 1008x1536 to 778x1186 cover.jpeg
Rescaling image from 825x1265 to 773x1186 images/00003.jpeg
Splitting markup on page breaks and flow limits, if any...
	Looking for large trees in text/part0005.html...
	No large trees found
	Looking for large trees in text/part0019.html...
	No large trees found
	Looking for large trees in text/part0045.html...
	No large trees found
	Looking for large trees in text/part0000.html...
	No large trees found
	Looking for large trees in text/part0014.html...
	No large trees found
	Looking for large trees in text/part0030.html...
	No large trees found
	Looking for large trees in text/part0040.html...
	No large trees found
	Looking for large trees in text/part0055.html...
	No large trees found
	Looking for large trees in text/part0025.html...
	No large trees found
	Looking for large trees in text/part0035.html...
	No large trees found
	Looking for large trees in text/part0050.html...
	No large trees found
	Looking for large trees in text/part0046_split_000.html...
	No large trees found
	Looking for large trees in text/part0006.html...
	No large trees found
	Looking for large trees in text/part0020.html...
	No large trees found
	Looking for large trees in text/part0001.html...
	No large trees found
	Looking for large trees in text/part0015.html...
	No large trees found
	Looking for large trees in text/part0031.html...
	No large trees found
	Looking for large trees in text/part0041.html...
	No large trees found
	Looking for large trees in text/part0056.html...
	No large trees found
	Looking for large trees in text/part0026.html...
	No large trees found
	Looking for large trees in text/part0036.html...
	No large trees found
	Looking for large trees in text/part0037.html...
	No large trees found
	Looking for large trees in text/part0051.html...
	No large trees found
	Looking for large trees in text/part0007.html...
	No large trees found
	Looking for large trees in text/part0021.html...
	No large trees found
	Looking for large trees in text/part0046_split_001.html...
	No large trees found
	Looking for large trees in text/part0057.html...
	No large trees found
	Looking for large trees in text/part0002.html...
	No large trees found
	Looking for large trees in text/part0016.html...
	No large trees found
	Looking for large trees in text/part0032.html...
	No large trees found
	Looking for large trees in text/part0042.html...
	No large trees found
	Looking for large trees in text/part0011.html...
	No large trees found
	Looking for large trees in text/part0027.html...
	No large trees found
	Looking for large trees in text/part0052.html...
	No large trees found
	Looking for large trees in text/part0008.html...
	No large trees found
	Looking for large trees in text/part0022.html...
	No large trees found
	Looking for large trees in text/part0047.html...
	No large trees found
	Looking for large trees in contents.xhtml...
	No large trees found
	Looking for large trees in text/part0003.html...
	No large trees found
	Looking for large trees in text/part0017.html...
	No large trees found
	Looking for large trees in text/part0033.html...
	No large trees found
	Looking for large trees in text/part0043.html...
	No large trees found
	Looking for large trees in text/part0053.html...
	No large trees found
	Looking for large trees in text/part0012.html...
	No large trees found
	Looking for large trees in text/part0028.html...
	No large trees found
	Looking for large trees in text/part0038.html...
	No large trees found
	Looking for large trees in text/part0009.html...
	No large trees found
	Looking for large trees in text/part0023.html...
	No large trees found
	Looking for large trees in text/part0048.html...
	No large trees found
	Looking for large trees in text/part0004.html...
	No large trees found
	Looking for large trees in text/part0018.html...
	No large trees found
	Looking for large trees in text/part0034.html...
	No large trees found
	Looking for large trees in text/part0044.html...
	No large trees found
	Looking for large trees in text/part0013.html...
	No large trees found
	Looking for large trees in text/part0029.html...
	No large trees found
	Looking for large trees in text/part0039.html...
	No large trees found
	Looking for large trees in text/part0054.html...
	No large trees found
	Looking for large trees in text/part0049.html...
	No large trees found
	Looking for large trees in text/part0010.html...
	No large trees found
	Looking for large trees in text/part0024.html...
	No large trees found
Upgrading to EPUB 3...
EPUB output written to /Users/tbrown/Documents/Calibre Library/Michael Connelly/The Dark Hours (1041)/The Dark Hours - Michael Connelly_epub3.epub
Output saved to   /Users/tbrown/Documents/Calibre Library/Michael Connelly/The Dark Hours (1041)/The Dark Hours - Michael Connelly_epub3.epub

Paginating epub3 file: /Users/tbrown/Documents/Calibre Library/Michael Connelly/The Dark Hours (1041)/The Dark Hours - Michael Connelly_epub3.epub
    96,466 words; 321 pages
---------------------------
Running epubcheck:

Validating using EPUB version 3.2 rules.
Messages: 0 fatals / 0 errors / 59 warnings / 2 infos

EPUBCheck completed

WARNING(HTM-014a): .//TheDarkHours-MichaelConnelly.epub/content.opf(35,83): XHTML Content Document file name "text/part0000.html" should have the extension ".xhtml".
WARNING(HTM-014a): .//TheDarkHours-MichaelConnelly.epub/content.opf(36,83): XHTML Content Document file name "text/part0001.html" should have the extension ".xhtml".
WARNING(HTM-014a): .//TheDarkHours-MichaelConnelly.epub/content.opf(37,83): XHTML Content Document file name "text/part0002.html" should have the extension ".xhtml".
WARNING(HTM-014a): .//TheDarkHours-MichaelConnelly.epub/content.opf(38,83): XHTML Content Document file name "text/part0003.html" should have the extension ".xhtml".
WARNING(HTM-014a): .//TheDarkHours-MichaelConnelly.epub/content.opf(39,83): XHTML Content Document file name "text/part0004.html" should have the extension ".xhtml".
WARNING(HTM-014a): .//TheDarkHours-MichaelConnelly.epub/content.opf(40,83): XHTML Content Document file name "text/part0005.html" should have the extension ".xhtml".
WARNING(HTM-014a): .//TheDarkHours-MichaelConnelly.epub/content.opf(41,83): XHTML Content Document file name "text/part0006.html" should have the extension ".xhtml".
WARNING(HTM-014a): .//TheDarkHours-MichaelConnelly.epub/content.opf(42,83): XHTML Content Document file name "text/part0007.html" should have the extension ".xhtml".
WARNING(HTM-014a): .//TheDarkHours-MichaelConnelly.epub/content.opf(43,83): XHTML Content Document file name "text/part0008.html" should have the extension ".xhtml".
WARNING(HTM-014a): .//TheDarkHours-MichaelConnelly.epub/content.opf(44,83): XHTML Content Document file name "text/part0009.html" should have the extension ".xhtml".
WARNING(HTM-014a): .//TheDarkHours-MichaelConnelly.epub/content.opf(45,83): XHTML Content Document file name "text/part0010.html" should have the extension ".xhtml".
WARNING(HTM-014a): .//TheDarkHours-MichaelConnelly.epub/content.opf(46,83): XHTML Content Document file name "text/part0011.html" should have the extension ".xhtml".
WARNING(HTM-014a): .//TheDarkHours-MichaelConnelly.epub/content.opf(47,83): XHTML Content Document file name "text/part0012.html" should have the extension ".xhtml".
WARNING(HTM-014a): .//TheDarkHours-MichaelConnelly.epub/content.opf(48,83): XHTML Content Document file name "text/part0013.html" should have the extension ".xhtml".
WARNING(HTM-014a): .//TheDarkHours-MichaelConnelly.epub/content.opf(49,83): XHTML Content Document file name "text/part0014.html" should have the extension ".xhtml".
WARNING(HTM-014a): .//TheDarkHours-MichaelConnelly.epub/content.opf(50,83): XHTML Content Document file name "text/part0015.html" should have the extension ".xhtml".
WARNING(HTM-014a): .//TheDarkHours-MichaelConnelly.epub/content.opf(51,83): XHTML Content Document file name "text/part0016.html" should have the extension ".xhtml".
WARNING(HTM-014a): .//TheDarkHours-MichaelConnelly.epub/content.opf(52,83): XHTML Content Document file name "text/part0017.html" should have the extension ".xhtml".
WARNING(HTM-014a): .//TheDarkHours-MichaelConnelly.epub/content.opf(53,83): XHTML Content Document file name "text/part0018.html" should have the extension ".xhtml".
WARNING(HTM-014a): .//TheDarkHours-MichaelConnelly.epub/content.opf(54,83): XHTML Content Document file name "text/part0019.html" should have the extension ".xhtml".
WARNING(HTM-014a): .//TheDarkHours-MichaelConnelly.epub/content.opf(55,83): XHTML Content Document file name "text/part0020.html" should have the extension ".xhtml".
WARNING(HTM-014a): .//TheDarkHours-MichaelConnelly.epub/content.opf(56,83): XHTML Content Document file name "text/part0021.html" should have the extension ".xhtml".
WARNING(HTM-014a): .//TheDarkHours-MichaelConnelly.epub/content.opf(57,83): XHTML Content Document file name "text/part0022.html" should have the extension ".xhtml".
WARNING(HTM-014a): .//TheDarkHours-MichaelConnelly.epub/content.opf(58,83): XHTML Content Document file name "text/part0023.html" should have the extension ".xhtml".
WARNING(HTM-014a): .//TheDarkHours-MichaelConnelly.epub/content.opf(59,83): XHTML Content Document file name "text/part0024.html" should have the extension ".xhtml".
WARNING(HTM-014a): .//TheDarkHours-MichaelConnelly.epub/content.opf(60,83): XHTML Content Document file name "text/part0025.html" should have the extension ".xhtml".
WARNING(HTM-014a): .//TheDarkHours-MichaelConnelly.epub/content.opf(61,83): XHTML Content Document file name "text/part0026.html" should have the extension ".xhtml".
WARNING(HTM-014a): .//TheDarkHours-MichaelConnelly.epub/content.opf(62,83): XHTML Content Document file name "text/part0027.html" should have the extension ".xhtml".
WARNING(HTM-014a): .//TheDarkHours-MichaelConnelly.epub/content.opf(63,83): XHTML Content Document file name "text/part0028.html" should have the extension ".xhtml".
WARNING(HTM-014a): .//TheDarkHours-MichaelConnelly.epub/content.opf(64,83): XHTML Content Document file name "text/part0029.html" should have the extension ".xhtml".
WARNING(HTM-014a): .//TheDarkHours-MichaelConnelly.epub/content.opf(65,83): XHTML Content Document file name "text/part0030.html" should have the extension ".xhtml".
WARNING(HTM-014a): .//TheDarkHours-MichaelConnelly.epub/content.opf(66,83): XHTML Content Document file name "text/part0031.html" should have the extension ".xhtml".
WARNING(HTM-014a): .//TheDarkHours-MichaelConnelly.epub/content.opf(67,83): XHTML Content Document file name "text/part0032.html" should have the extension ".xhtml".
WARNING(HTM-014a): .//TheDarkHours-MichaelConnelly.epub/content.opf(68,83): XHTML Content Document file name "text/part0033.html" should have the extension ".xhtml".
WARNING(HTM-014a): .//TheDarkHours-MichaelConnelly.epub/content.opf(69,83): XHTML Content Document file name "text/part0034.html" should have the extension ".xhtml".
WARNING(HTM-014a): .//TheDarkHours-MichaelConnelly.epub/content.opf(70,83): XHTML Content Document file name "text/part0035.html" should have the extension ".xhtml".
WARNING(HTM-014a): .//TheDarkHours-MichaelConnelly.epub/content.opf(71,83): XHTML Content Document file name "text/part0036.html" should have the extension ".xhtml".
WARNING(HTM-014a): .//TheDarkHours-MichaelConnelly.epub/content.opf(72,83): XHTML Content Document file name "text/part0037.html" should have the extension ".xhtml".
WARNING(HTM-014a): .//TheDarkHours-MichaelConnelly.epub/content.opf(73,83): XHTML Content Document file name "text/part0038.html" should have the extension ".xhtml".
WARNING(HTM-014a): .//TheDarkHours-MichaelConnelly.epub/content.opf(74,83): XHTML Content Document file name "text/part0039.html" should have the extension ".xhtml".
WARNING(HTM-014a): .//TheDarkHours-MichaelConnelly.epub/content.opf(75,83): XHTML Content Document file name "text/part0040.html" should have the extension ".xhtml".
WARNING(HTM-014a): .//TheDarkHours-MichaelConnelly.epub/content.opf(76,83): XHTML Content Document file name "text/part0041.html" should have the extension ".xhtml".
WARNING(HTM-014a): .//TheDarkHours-MichaelConnelly.epub/content.opf(77,83): XHTML Content Document file name "text/part0042.html" should have the extension ".xhtml".
WARNING(HTM-014a): .//TheDarkHours-MichaelConnelly.epub/content.opf(78,83): XHTML Content Document file name "text/part0043.html" should have the extension ".xhtml".
WARNING(HTM-014a): .//TheDarkHours-MichaelConnelly.epub/content.opf(79,83): XHTML Content Document file name "text/part0044.html" should have the extension ".xhtml".
WARNING(HTM-014a): .//TheDarkHours-MichaelConnelly.epub/content.opf(80,83): XHTML Content Document file name "text/part0045.html" should have the extension ".xhtml".
WARNING(HTM-014a): .//TheDarkHours-MichaelConnelly.epub/content.opf(81,94): XHTML Content Document file name "text/part0046_split_000.html" should have the extension ".xhtml".
WARNING(HTM-014a): .//TheDarkHours-MichaelConnelly.epub/content.opf(82,94): XHTML Content Document file name "text/part0046_split_001.html" should have the extension ".xhtml".
WARNING(HTM-014a): .//TheDarkHours-MichaelConnelly.epub/content.opf(83,83): XHTML Content Document file name "text/part0047.html" should have the extension ".xhtml".
WARNING(HTM-014a): .//TheDarkHours-MichaelConnelly.epub/content.opf(84,83): XHTML Content Document file name "text/part0048.html" should have the extension ".xhtml".
WARNING(HTM-014a): .//TheDarkHours-MichaelConnelly.epub/content.opf(85,83): XHTML Content Document file name "text/part0049.html" should have the extension ".xhtml".
WARNING(HTM-014a): .//TheDarkHours-MichaelConnelly.epub/content.opf(86,83): XHTML Content Document file name "text/part0050.html" should have the extension ".xhtml".
WARNING(HTM-014a): .//TheDarkHours-MichaelConnelly.epub/content.opf(87,83): XHTML Content Document file name "text/part0051.html" should have the extension ".xhtml".
WARNING(HTM-014a): .//TheDarkHours-MichaelConnelly.epub/content.opf(88,83): XHTML Content Document file name "text/part0052.html" should have the extension ".xhtml".
WARNING(HTM-014a): .//TheDarkHours-MichaelConnelly.epub/content.opf(89,83): XHTML Content Document file name "text/part0053.html" should have the extension ".xhtml".
WARNING(HTM-014a): .//TheDarkHours-MichaelConnelly.epub/content.opf(90,83): XHTML Content Document file name "text/part0054.html" should have the extension ".xhtml".
WARNING(HTM-014a): .//TheDarkHours-MichaelConnelly.epub/content.opf(91,83): XHTML Content Document file name "text/part0055.html" should have the extension ".xhtml".
WARNING(HTM-014a): .//TheDarkHours-MichaelConnelly.epub/content.opf(92,83): XHTML Content Document file name "text/part0056.html" should have the extension ".xhtml".
WARNING(HTM-014a): .//TheDarkHours-MichaelConnelly.epub/content.opf(93,83): XHTML Content Document file name "text/part0057.html" should have the extension ".xhtml".
INFO(RSC-004): .//TheDarkHours-MichaelConnelly.epub(-1,-1): File "fonts/00001.ttf" could not be decrypted.
INFO(RSC-004): .//TheDarkHours-MichaelConnelly.epub(-1,-1): File "fonts/00002.ttf" could not be decrypted.

Check finished with warnings

---------------------------


